<?xml version="1.0" encoding="UTF-8"?>
<testng-results ignored="0" total="1" passed="1" failed="0" skipped="0">
  <reporter-output>
    <line>
      <![CDATA[ demo method]]>
    </line>
  </reporter-output>
  <suite started-at="2022-11-12T19:55:51 IST" name="Default suite" finished-at="2022-11-12T19:55:51 IST" duration-ms="110">
    <groups>
    </groups>
    <test started-at="2022-11-12T19:55:51 IST" name="Default test" finished-at="2022-11-12T19:55:51 IST" duration-ms="110">
      <class name="TestNG.Demo">
        <test-method signature="DemoMethod()[pri:0, instance:TestNG.Demo@68c72235]" started-at="2022-11-12T19:55:51 IST" name="DemoMethod" finished-at="2022-11-12T19:55:51 IST" duration-ms="15" status="PASS">
          <reporter-output>
            <line>
              <![CDATA[ demo method]]>
            </line>
          </reporter-output>
        </test-method> <!-- DemoMethod -->
      </class> <!-- TestNG.Demo -->
    </test> <!-- Default test -->
  </suite> <!-- Default suite -->
</testng-results>
